
Showing logs for build [32mcb-kubecd-environment-pr-73-2-b-s6kmf-1[0m stage [32mfrom-build-pack[0m and container [32mstep-credential-initializer-zbbjx[0m
{"level":"warn","ts":1574359378.9388819,"logger":"fallback-logger","caller":"logging/config.go:69","msg":"Fetch GitHub commit ID from kodata failed: \"ref: refs/heads/master\" is not a valid GitHub commit ID"}
{"level":"info","ts":1574359378.9400182,"logger":"fallback-logger","caller":"creds-init/main.go:40","msg":"Credentials initialized."}

Showing logs for build [32mcb-kubecd-environment-pr-73-2-b-s6kmf-1[0m stage [32mfrom-build-pack[0m and container [32mstep-working-dir-initializer-djmzv[0m
{"level":"warn","ts":1574359379.9182575,"logger":"fallback-logger","caller":"logging/config.go:69","msg":"Fetch GitHub commit ID from kodata failed: open /var/run/ko/HEAD: no such file or directory"}
{"level":"info","ts":1574359379.9208503,"logger":"fallback-logger","caller":"bash/main.go:65","msg":"Successfully executed command \"mkdir -p /workspace/source\""}

Showing logs for build [32mcb-kubecd-environment-pr-73-2-b-s6kmf-1[0m stage [32mfrom-build-pack[0m and container [32mstep-place-tools[0m

Showing logs for build [32mcb-kubecd-environment-pr-73-2-b-s6kmf-1[0m stage [32mfrom-build-pack[0m and container [32mstep-git-source-cb-kubecd-environment-pr-73-2-b-qbwrv[0m
{"level":"warn","ts":1574359384.988941,"logger":"fallback-logger","caller":"logging/config.go:69","msg":"Fetch GitHub commit ID from kodata failed: \"ref: refs/heads/master\" is not a valid GitHub commit ID"}
{"level":"info","ts":1574359386.0854359,"logger":"fallback-logger","caller":"git/git.go:102","msg":"Successfully cloned https://github.com/cb-kubecd/environment-pr-73-2-boot-vault-gke-production.git @ master in path /workspace/source"}

Showing logs for build [32mcb-kubecd-environment-pr-73-2-b-s6kmf-1[0m stage [32mfrom-build-pack[0m and container [32mstep-git-merge[0m
Using SHAs from PULL_REFS=master:956bdead5770fe0d6a9812547853ee8850584efd,1:a8da73a0cdc85e9a71be60245bf5d939aac4d8ac
DEBUG: ran git fetch --unshallow origin a8da73a0cdc85e9a71be60245bf5d939aac4d8ac: 956bdead5770fe0d6a9812547853ee8850584efd: in 
DEBUG: ran git checkout master in 
DEBUG: ran git reset --hard 956bdead5770fe0d6a9812547853ee8850584efd in 
DEBUG: ran clean --force -d . in 
DEBUG: ran git merge a8da73a0cdc85e9a71be60245bf5d939aac4d8ac in 
Merged SHA a8da73a0cdc85e9a71be60245bf5d939aac4d8ac with commit message 'chore: Promote bdd-spring-1574357945 to version 0.0.1' into base branch master

Showing logs for build [32mcb-kubecd-environment-pr-73-2-b-s6kmf-1[0m stage [32mfrom-build-pack[0m and container [32mstep-build-helm-build[0m
WARNING: No $CHART_REPOSITORY defined so using the default value of: http://jenkins-x-chartmuseum:8080
Adding missing Helm repo: storage.googleapis.com https://storage.googleapis.com/chartmuseum.jenkins-x.io
Read credentials for https://storage.googleapis.com/chartmuseum.jenkins-x.io from vault helm/repos
Successfully added Helm repository storage.googleapis.com.
Adding missing Helm repo: jenkins-x-chartmuseum http://jenkins-x-chartmuseum:8080
Read credentials for http://jenkins-x-chartmuseum:8080 from vault helm/repos
Successfully added Helm repository jenkins-x-chartmuseum.
WARNING: No $CHART_REPOSITORY defined so using the default value of: http://jenkins-x-chartmuseum:8080
Adding missing Helm repo: chartmuseum.jenkins-x.io http://chartmuseum.jenkins-x.io
Read credentials for http://chartmuseum.jenkins-x.io from vault helm/repos
Successfully added Helm repository chartmuseum.jenkins-x.io.
